<?xml version="1.0" encoding="UTF-8"?>
<!-- Generated by org.testng.reporters.JUnitXMLReporter -->
<testsuite ignored="0" hostname="LAPTOP-G4DO1L93" failures="1" tests="1" name="tests" time="9.479" errors="0" timestamp="2024-11-12T10:03:07 IST">
  <testcase classname="com.TestClasses.SportsPageTest" name="launchapp" time="7.861">
    <failure type="java.lang.AssertionError" message="expected [YYUUJUJS] but found [Cycling Equipment | eBay]">
      <![CDATA[java.lang.AssertionError: expected [YYUUJUJS] but found [Cycling Equipment | eBay]
at com.webPages.SportsPage.selectCycling(SportsPage.java:32)
at com.test.SportspageTestableItems.selectcycling(SportspageTestableItems.java:20)
at com.TestClasses.SportsPageTest.launchapp(SportsPageTest.java:38)
at java.base/java.util.ArrayList.forEach(ArrayList.java:1511)
at java.base/java.util.concurrent.FutureTask.run(FutureTask.java:264)
at java.base/java.util.concurrent.ThreadPoolExecutor.runWorker(ThreadPoolExecutor.java:1136)
at java.base/java.util.concurrent.ThreadPoolExecutor$Worker.run(ThreadPoolExecutor.java:635)
at java.base/java.lang.Thread.run(Thread.java:833)
... Removed 23 stack frames]]>
    </failure>
  </testcase> <!-- launchapp -->
</testsuite> <!-- tests -->
